<?xml version="1.0" encoding="UTF-8"?>
<!-- Generated by org.testng.reporters.JUnitXMLReporter -->
<testsuite hostname="DESKTOP-GQHFCVM" ignored="0" name="Test" tests="2" failures="1" timestamp="28 Sep 2018 10:49:23 GMT" time="33.223" errors="0">
  <testcase name="testA" time="1.06" classname="script.TestDemo">
    <failure type="java.lang.AssertionError" message="null">
      <![CDATA[java.lang.AssertionError: null
at script.TestDemo.testA(TestDemo.java:20)
... Removed 27 stack frames]]>
    </failure>
  </testcase> <!-- testA -->
  <testcase name="testB" time="0.002" classname="script.TestDemo2"/>
</testsuite> <!-- Test -->
