<?xml version="1.0" encoding="UTF-8"?>
<testng-results skipped="0" failed="0" ignored="0" total="1" passed="1">
  <reporter-output>
    <line>
      <![CDATA[Test:testLoginLogout is PASSED]]>
    </line>
  </reporter-output>
  <suite name="Default suite" duration-ms="11020" started-at="2018-10-01T06:47:10Z" finished-at="2018-10-01T06:47:21Z">
    <groups>
      <group name="smoke">
        <method signature="TestLoginLogout.testLoginLogout()[pri:1, instance:script.TestLoginLogout@685cb137]" name="testLoginLogout" class="script.TestLoginLogout"/>
      </group> <!-- smoke -->
      <group name="login">
        <method signature="TestLoginLogout.testLoginLogout()[pri:1, instance:script.TestLoginLogout@685cb137]" name="testLoginLogout" class="script.TestLoginLogout"/>
      </group> <!-- login -->
    </groups>
    <test name="Default test" duration-ms="11020" started-at="2018-10-01T06:47:10Z" finished-at="2018-10-01T06:47:21Z">
      <class name="script.TestLoginLogout">
        <test-method status="PASS" signature="openApp(java.lang.String, java.lang.String)[pri:0, instance:script.TestLoginLogout@685cb137]" name="openApp" is-config="true" duration-ms="6127" started-at="2018-10-01T06:47:10Z" finished-at="2018-10-01T06:47:16Z">
          <params>
            <param index="0">
              <value>
                <![CDATA[localhost]]>
              </value>
            </param>
            <param index="1">
              <value>
                <![CDATA[chrome]]>
              </value>
            </param>
          </params>
          <reporter-output>
          </reporter-output>
        </test-method> <!-- openApp -->
        <test-method status="PASS" signature="testLoginLogout()[pri:1, instance:script.TestLoginLogout@685cb137]" name="testLoginLogout" duration-ms="4111" started-at="2018-10-01T06:47:16Z" finished-at="2018-10-01T06:47:20Z">
          <reporter-output>
          </reporter-output>
        </test-method> <!-- testLoginLogout -->
        <test-method status="PASS" signature="closeApp(org.testng.ITestResult)[pri:0, instance:script.TestLoginLogout@685cb137]" name="closeApp" is-config="true" duration-ms="743" started-at="2018-10-01T06:47:20Z" finished-at="2018-10-01T06:47:21Z">
          <params>
            <param index="0">
              <value>
                <![CDATA[[TestResult name=testLoginLogout status=SUCCESS method=TestLoginLogout.testLoginLogout()[pri:1, instance:script.TestLoginLogout@685cb137] output={null}]]]>
              </value>
            </param>
          </params>
          <reporter-output>
            <line>
              <![CDATA[Test:testLoginLogout is PASSED]]>
            </line>
          </reporter-output>
        </test-method> <!-- closeApp -->
      </class> <!-- script.TestLoginLogout -->
    </test> <!-- Default test -->
  </suite> <!-- Default suite -->
</testng-results>
